[INFO] 2025-10-21T15:31:05.532Z: Memory service initialized successfully
[INFO] 2025-10-21T15:31:05.619Z: Scheduler initialized successfully
[INFO] 2025-10-21T15:31:05.619Z: Server startup complete. JazzAI is ready!
[INFO] 2025-10-21T15:31:48.884Z: JazzAI WhatsApp Companion is listening on port 3000
[INFO] 2025-10-21T15:31:48.890Z: Memory service initialized successfully
[INFO] 2025-10-21T15:31:48.924Z: Scheduler initialized successfully
[INFO] 2025-10-21T15:31:48.924Z: Server startup complete. JazzAI is ready!
[INFO] 2025-10-21T15:31:51.865Z: JazzAI WhatsApp Companion is listening on port 3000
[INFO] 2025-10-21T15:31:51.870Z: Memory service initialized successfully
[INFO] 2025-10-21T15:31:51.903Z: Scheduler initialized successfully
[INFO] 2025-10-21T15:31:51.903Z: Server startup complete. JazzAI is ready!
[INFO] 2025-10-21T15:32:51.721Z: JazzAI WhatsApp Companion is listening on port 3000
[INFO] 2025-10-21T15:32:51.732Z: Memory service initialized successfully
[INFO] 2025-10-21T15:32:51.768Z: Scheduler initialized successfully
[INFO] 2025-10-21T15:32:51.769Z: Server startup complete. JazzAI is ready!
[INFO] 2025-10-21T15:33:18.579Z: JazzAI WhatsApp Companion is listening on port 3000
[INFO] 2025-10-21T15:33:18.589Z: Memory service initialized successfully
[INFO] 2025-10-21T15:33:18.627Z: Scheduler initialized successfully
[INFO] 2025-10-21T15:33:18.627Z: Server startup complete. JazzAI is ready!
[INFO] 2025-10-21T15:33:26.283Z: GET /
{
  "query": {},
  "headers": {
    "user-agent": "curl/8.5.0"
  }
}
[INFO] 2025-10-21T15:33:29.886Z: JazzAI WhatsApp Companion is listening on port 3000
[INFO] 2025-10-21T15:33:29.892Z: Memory service initialized successfully
[INFO] 2025-10-21T15:33:29.932Z: Scheduler initialized successfully
[INFO] 2025-10-21T15:33:29.933Z: Server startup complete. JazzAI is ready!
[INFO] 2025-10-21T15:33:50.281Z: GET /
{
  "query": {},
  "headers": {
    "user-agent": "curl/8.5.0"
  }
}
[INFO] 2025-10-21T15:34:02.248Z: GET /api/memory
{
  "query": {},
  "headers": {
    "user-agent": "curl/8.5.0"
  }
}
[INFO] 2025-10-21T15:34:13.469Z: POST /api/send-message
{
  "body": "(request body omitted)",
  "query": {},
  "headers": {
    "user-agent": "curl/8.5.0",
    "content-type": "application/json"
  }
}
[INFO] 2025-10-21T15:48:20.761Z: JazzAI WhatsApp Companion is listening on port 3000
[INFO] 2025-10-21T15:48:20.768Z: Memory service initialized successfully
[INFO] 2025-10-21T15:48:20.828Z: Scheduler initialized successfully
[INFO] 2025-10-21T15:48:20.829Z: Server startup complete. JazzAI is ready!
[INFO] 2025-10-21T15:48:58.790Z: JazzAI WhatsApp Companion is listening on port 3000
[INFO] 2025-10-21T15:48:58.794Z: Memory service initialized successfully
[INFO] 2025-10-21T15:48:58.828Z: Scheduler initialized successfully
[INFO] 2025-10-21T15:48:58.829Z: Server startup complete. JazzAI is ready!
