[ERROR] 2025-10-24T06:05:03.610Z: Error sending WhatsApp message to 7657:
{
  "error": {
    "message": "Error validating application. Application has been deleted.",
    "type": "OAuthException",
    "code": 190,
    "fbtrace_id": "AnjJ-fiOaB9Y28J1IFyK8EJ"
  }
}
[ERROR] 2025-10-24T06:07:03.760Z: Error sending WhatsApp message to 7657:
{
  "error": {
    "message": "(#131030) Recipient phone number not in allowed list",
    "type": "OAuthException",
    "code": 131030,
    "error_data": {
      "messaging_product": "whatsapp",
      "details": "Recipient phone number not in allowed list: Add recipient phone number to recipient list and try again."
    },
    "fbtrace_id": "AjF8kNcIMv3PzQ5z6bP0jEt"
  }
}
[ERROR] 2025-10-24T06:08:04.367Z: Error sending WhatsApp message to 7657:
{
  "error": {
    "message": "(#131030) Recipient phone number not in allowed list",
    "type": "OAuthException",
    "code": 131030,
    "error_data": {
      "messaging_product": "whatsapp",
      "details": "Recipient phone number not in allowed list: Add recipient phone number to recipient list and try again."
    },
    "fbtrace_id": "AszweaEEIqldCmRmdmx3Qn_"
  }
}
[ERROR] 2025-10-24T06:09:04.170Z: Error sending WhatsApp message to 7657:
{
  "error": {
    "message": "(#131030) Recipient phone number not in allowed list",
    "type": "OAuthException",
    "code": 131030,
    "error_data": {
      "messaging_product": "whatsapp",
      "details": "Recipient phone number not in allowed list: Add recipient phone number to recipient list and try again."
    },
    "fbtrace_id": "AiR_EgpgLA1IUNnQw0rJn8z"
  }
}
[ERROR] 2025-10-24T06:10:05.275Z: Error sending WhatsApp message to 7657:
{
  "error": {
    "message": "(#131030) Recipient phone number not in allowed list",
    "type": "OAuthException",
    "code": 131030,
    "error_data": {
      "messaging_product": "whatsapp",
      "details": "Recipient phone number not in allowed list: Add recipient phone number to recipient list and try again."
    },
    "fbtrace_id": "Ach5nwFScjgfjTTmK3vQtQg"
  }
}
[ERROR] 2025-10-24T06:11:04.445Z: Error sending WhatsApp message to 7657:
{
  "error": {
    "message": "(#131030) Recipient phone number not in allowed list",
    "type": "OAuthException",
    "code": 131030,
    "error_data": {
      "messaging_product": "whatsapp",
      "details": "Recipient phone number not in allowed list: Add recipient phone number to recipient list and try again."
    },
    "fbtrace_id": "Agz0YghWQKWBsWuwqjpl-Ut"
  }
}
[ERROR] 2025-10-24T06:12:03.553Z: Error sending WhatsApp message to 7657:
{
  "error": {
    "message": "(#131030) Recipient phone number not in allowed list",
    "type": "OAuthException",
    "code": 131030,
    "error_data": {
      "messaging_product": "whatsapp",
      "details": "Recipient phone number not in allowed list: Add recipient phone number to recipient list and try again."
    },
    "fbtrace_id": "AiPR_ppvU7Er2txwVW7IISt"
  }
}
