[INFO] 2025-10-23T04:43:58.181Z: JazzAI WhatsApp Companion is listening on port 3000
[INFO] 2025-10-23T04:43:58.191Z: Memory service initialized successfully
[INFO] 2025-10-23T04:43:58.261Z: Scheduler initialized successfully
[INFO] 2025-10-23T04:43:58.266Z: Server startup complete. JazzAI is ready!
[INFO] 2025-10-23T04:46:07.546Z: GET /
{
  "query": {},
  "headers": {
    "user-agent": "curl/8.5.0"
  }
}
[INFO] 2025-10-23T04:46:53.529Z: JazzAI WhatsApp Companion is listening on port 3000
[INFO] 2025-10-23T04:46:53.540Z: Memory service initialized successfully
[INFO] 2025-10-23T04:46:53.613Z: Scheduler initialized successfully
[INFO] 2025-10-23T04:46:53.614Z: Server startup complete. JazzAI is ready!
[INFO] 2025-10-23T04:48:15.743Z: JazzAI WhatsApp Companion is listening on port 3000
[INFO] 2025-10-23T04:48:15.748Z: Memory service initialized successfully
[INFO] 2025-10-23T04:48:15.794Z: Scheduler initialized successfully
[INFO] 2025-10-23T04:48:15.794Z: Server startup complete. JazzAI is ready!
[INFO] 2025-10-23T04:49:15.096Z: GET /webhook?hub.mode=subscribe&hub.verify_token=jazzai-webhook-verification&hub.challenge=test123
{
  "query": {
    "hub.mode": "subscribe",
    "hub.verify_token": "jazzai-webhook-verification",
    "hub.challenge": "test123"
  },
  "headers": {
    "user-agent": "curl/8.5.0"
  }
}
[INFO] 2025-10-23T04:49:15.136Z: POST /webhook
{
  "body": "(request body omitted)",
  "query": {},
  "headers": {
    "user-agent": "curl/8.5.0",
    "content-type": "application/json"
  }
}
[INFO] 2025-10-23T04:50:27.209Z: JazzAI WhatsApp Companion is listening on port 3000
[INFO] 2025-10-23T04:50:27.220Z: Memory service initialized successfully
[INFO] 2025-10-23T04:50:27.248Z: Scheduler initialized successfully
[INFO] 2025-10-23T04:50:27.248Z: Server startup complete. JazzAI is ready!
[INFO] 2025-10-23T04:52:05.033Z: GET /
{
  "query": {},
  "headers": {
    "user-agent": "curl/8.5.0"
  }
}
[INFO] 2025-10-23T04:59:06.777Z: GET /api/list-users
{
  "query": {},
  "headers": {
    "user-agent": "curl/8.5.0"
  }
}
[INFO] 2025-10-23T05:09:11.744Z: GET /
{
  "query": {},
  "headers": {
    "user-agent": "Mozilla/5.0 (X11; Linux x86_64) AppleWebKit/537.36 (KHTML, like Gecko) Chrome/141.0.0.0 Safari/537.36"
  }
}
[INFO] 2025-10-23T05:09:13.426Z: GET /favicon.ico
{
  "query": {},
  "headers": {
    "user-agent": "Mozilla/5.0 (X11; Linux x86_64) AppleWebKit/537.36 (KHTML, like Gecko) Chrome/141.0.0.0 Safari/537.36"
  }
}
[INFO] 2025-10-23T05:11:02.950Z: GET /?hub.mode=subscribe&hub.challenge=2060428458&hub.verify_token=jazzai-webhook-verification
{
  "query": {
    "hub.mode": "subscribe",
    "hub.challenge": "2060428458",
    "hub.verify_token": "jazzai-webhook-verification"
  },
  "headers": {
    "user-agent": "facebookplatform/1.0 (+http://developers.facebook.com)"
  }
}
[INFO] 2025-10-23T05:11:23.039Z: GET /?hub.mode=subscribe&hub.challenge=1144104540&hub.verify_token=jazzai-webhook-verification
{
  "query": {
    "hub.mode": "subscribe",
    "hub.challenge": "1144104540",
    "hub.verify_token": "jazzai-webhook-verification"
  },
  "headers": {
    "user-agent": "facebookplatform/1.0 (+http://developers.facebook.com)"
  }
}
[INFO] 2025-10-23T05:12:47.272Z: GET /?hub.mode=subscribe&hub.challenge=513544012&hub.verify_token=jazzai-webhook-verification
{
  "query": {
    "hub.mode": "subscribe",
    "hub.challenge": "513544012",
    "hub.verify_token": "jazzai-webhook-verification"
  },
  "headers": {
    "user-agent": "facebookplatform/1.0 (+http://developers.facebook.com)"
  }
}
[INFO] 2025-10-23T05:13:09.243Z: GET /
{
  "query": {},
  "headers": {
    "user-agent": "curl/8.5.0"
  }
}
[INFO] 2025-10-23T05:13:13.348Z: GET /webhook?hub.mode=subscribe&hub.verify_token=jazzai-webhook-verification&hub.challenge=TEST123
{
  "query": {
    "hub.mode": "subscribe",
    "hub.verify_token": "jazzai-webhook-verification",
    "hub.challenge": "TEST123"
  },
  "headers": {
    "user-agent": "curl/8.5.0"
  }
}
[INFO] 2025-10-23T05:13:40.796Z: GET /webhook?hub.mode=subscribe&hub.challenge=527630005&hub.verify_token=jazzai-webhook-verification
{
  "query": {
    "hub.mode": "subscribe",
    "hub.challenge": "527630005",
    "hub.verify_token": "jazzai-webhook-verification"
  },
  "headers": {
    "user-agent": "facebookplatform/1.0 (+http://developers.facebook.com)"
  }
}
[INFO] 2025-10-23T05:13:54.548Z: GET /
{
  "query": {},
  "headers": {
    "user-agent": "curl/8.5.0"
  }
}
[INFO] 2025-10-23T05:13:54.747Z: GET /webhook?hub.mode=subscribe&hub.verify_token=jazzai-webhook-verification&hub.challenge=test12345
{
  "query": {
    "hub.mode": "subscribe",
    "hub.verify_token": "jazzai-webhook-verification",
    "hub.challenge": "test12345"
  },
  "headers": {
    "user-agent": "curl/8.5.0"
  }
}
[INFO] 2025-10-23T05:13:55.591Z: POST /webhook
{
  "body": "(request body omitted)",
  "query": {},
  "headers": {
    "user-agent": "curl/8.5.0",
    "content-type": "application/json"
  }
}
[INFO] 2025-10-23T05:14:00.775Z: JazzAI WhatsApp Companion is listening on port 3000
[INFO] 2025-10-23T05:14:00.780Z: Memory service initialized successfully
[INFO] 2025-10-23T05:14:00.815Z: Scheduler initialized successfully
[INFO] 2025-10-23T05:14:00.815Z: Server startup complete. JazzAI is ready!
[INFO] 2025-10-23T05:14:15.481Z: POST /webhook
{
  "body": "(request body omitted)",
  "query": {},
  "headers": {
    "user-agent": "facebookexternalua",
    "content-type": "application/json"
  }
}
[INFO] 2025-10-23T05:15:50.139Z: POST /webhook
{
  "body": "(request body omitted)",
  "query": {},
  "headers": {
    "user-agent": "facebookexternalua",
    "content-type": "application/json"
  }
}
[INFO] 2025-10-23T05:15:50.392Z: POST /webhook
{
  "body": "(request body omitted)",
  "query": {},
  "headers": {
    "user-agent": "facebookexternalua",
    "content-type": "application/json"
  }
}
[INFO] 2025-10-23T05:15:50.697Z: POST /webhook
{
  "body": "(request body omitted)",
  "query": {},
  "headers": {
    "user-agent": "facebookexternalua",
    "content-type": "application/json"
  }
}
[INFO] 2025-10-23T05:33:07.028Z: JazzAI WhatsApp Companion is listening on port 3000
[INFO] 2025-10-23T05:33:07.034Z: Memory service initialized successfully
[INFO] 2025-10-23T05:33:07.072Z: Scheduler initialized successfully
[INFO] 2025-10-23T05:33:07.073Z: Server startup complete. JazzAI is ready!
[INFO] 2025-10-23T05:35:16.386Z: GET /webhook?hub.mode=subscribe&hub.challenge=565880996&hub.verify_token=jazzai-webhook-verification
{
  "query": {
    "hub.mode": "subscribe",
    "hub.challenge": "565880996",
    "hub.verify_token": "jazzai-webhook-verification"
  },
  "headers": {
    "user-agent": "facebookplatform/1.0 (+http://developers.facebook.com)"
  }
}
[INFO] 2025-10-23T05:36:15.080Z: POST /webhook
{
  "body": "(request body omitted)",
  "query": {},
  "headers": {
    "user-agent": "facebookexternalua",
    "content-type": "application/json"
  }
}
[INFO] 2025-10-23T05:36:20.580Z: POST /webhook
{
  "body": "(request body omitted)",
  "query": {},
  "headers": {
    "user-agent": "facebookexternalua",
    "content-type": "application/json"
  }
}
[INFO] 2025-10-23T05:36:37.508Z: POST /webhook
{
  "body": "(request body omitted)",
  "query": {},
  "headers": {
    "user-agent": "facebookexternalua",
    "content-type": "application/json"
  }
}
[INFO] 2025-10-23T05:37:10.319Z: JazzAI WhatsApp Companion is listening on port 3000
[INFO] 2025-10-23T05:37:10.323Z: Memory service initialized successfully
[INFO] 2025-10-23T05:37:10.349Z: Scheduler initialized successfully
[INFO] 2025-10-23T05:37:10.349Z: Server startup complete. JazzAI is ready!
[INFO] 2025-10-23T05:37:16.930Z: POST /webhook
{
  "body": "(request body omitted)",
  "query": {},
  "headers": {
    "user-agent": "facebookexternalua",
    "content-type": "application/json"
  }
}
[INFO] 2025-10-23T05:38:30.545Z: JazzAI WhatsApp Companion is listening on port 3000
[INFO] 2025-10-23T05:38:30.549Z: Memory service initialized successfully
[INFO] 2025-10-23T05:38:30.575Z: Scheduler initialized successfully
[INFO] 2025-10-23T05:38:30.575Z: Server startup complete. JazzAI is ready!
[INFO] 2025-10-23T05:38:35.440Z: POST /webhook
{
  "body": "(request body omitted)",
  "query": {},
  "headers": {
    "user-agent": "facebookexternalua",
    "content-type": "application/json"
  }
}
[INFO] 2025-10-23T05:40:47.815Z: JazzAI WhatsApp Companion is listening on port 3000
[INFO] 2025-10-23T05:40:47.825Z: Memory service initialized successfully
[INFO] 2025-10-23T05:40:47.864Z: Scheduler initialized successfully
[INFO] 2025-10-23T05:40:47.865Z: Server startup complete. JazzAI is ready!
[INFO] 2025-10-23T05:40:53.182Z: JazzAI WhatsApp Companion is listening on port 3000
[INFO] 2025-10-23T05:40:53.188Z: Memory service initialized successfully
[INFO] 2025-10-23T05:40:53.233Z: Scheduler initialized successfully
[INFO] 2025-10-23T05:40:53.234Z: Server startup complete. JazzAI is ready!
[INFO] 2025-10-23T05:40:57.604Z: JazzAI WhatsApp Companion is listening on port 3000
[INFO] 2025-10-23T05:40:57.609Z: Memory service initialized successfully
[INFO] 2025-10-23T05:40:57.650Z: Scheduler initialized successfully
[INFO] 2025-10-23T05:40:57.651Z: Server startup complete. JazzAI is ready!
[INFO] 2025-10-23T05:41:00.399Z: JazzAI WhatsApp Companion is listening on port 3000
[INFO] 2025-10-23T05:41:00.404Z: Memory service initialized successfully
[INFO] 2025-10-23T05:41:00.449Z: Scheduler initialized successfully
[INFO] 2025-10-23T05:41:00.449Z: Server startup complete. JazzAI is ready!
[INFO] 2025-10-23T05:41:23.244Z: JazzAI WhatsApp Companion is listening on port 3000
[INFO] 2025-10-23T05:41:23.250Z: Memory service initialized successfully
[INFO] 2025-10-23T05:41:23.295Z: Scheduler initialized successfully
[INFO] 2025-10-23T05:41:23.296Z: Server startup complete. JazzAI is ready!
[INFO] 2025-10-23T05:41:28.489Z: JazzAI WhatsApp Companion is listening on port 3000
[INFO] 2025-10-23T05:41:28.493Z: Memory service initialized successfully
[INFO] 2025-10-23T05:41:28.520Z: Scheduler initialized successfully
[INFO] 2025-10-23T05:41:28.520Z: Server startup complete. JazzAI is ready!
[INFO] 2025-10-23T05:41:43.001Z: POST /webhook
{
  "body": "(request body omitted)",
  "query": {},
  "headers": {
    "user-agent": "facebookexternalua",
    "content-type": "application/json"
  }
}
[INFO] 2025-10-23T05:41:43.008Z: === WEBHOOK RECEIVED ===
[INFO] 2025-10-23T05:41:43.008Z: Full webhook body:
{
  "body": {
    "object": "whatsapp_business_account",
    "entry": [
      {
        "id": "25378946961713345",
        "changes": [
          {
            "value": {
              "messaging_product": "whatsapp",
              "metadata": {
                "display_phone_number": "15551781135",
                "phone_number_id": "759976487210103"
              },
              "contacts": [
                {
                  "profile": {
                    "name": "Varun"
                  },
                  "wa_id": "919310227657"
                }
              ],
              "messages": [
                {
                  "from": "919310227657",
                  "id": "wamid.HBgMOTE5MzEwMjI3NjU3FQIAEhgWM0VCMEJCNUU1NTc5QkIwNjNBNUM5MAA=",
                  "timestamp": "1761198102",
                  "text": {
                    "body": "asr"
                  },
                  "type": "text"
                }
              ]
            },
            "field": "messages"
          }
        ]
      }
    ]
  }
}
[INFO] 2025-10-23T05:41:43.009Z: ========================
[INFO] 2025-10-23T05:41:43.009Z: ✓ Valid WhatsApp message detected
{
  "from": "919310227657",
  "type": "text",
  "text": "asr"
}
[INFO] 2025-10-23T05:41:57.866Z: POST /webhook
{
  "body": "(request body omitted)",
  "query": {},
  "headers": {
    "user-agent": "facebookexternalua",
    "content-type": "application/json"
  }
}
[INFO] 2025-10-23T05:41:57.870Z: === WEBHOOK RECEIVED ===
[INFO] 2025-10-23T05:41:57.870Z: Full webhook body:
{
  "body": {
    "object": "whatsapp_business_account",
    "entry": [
      {
        "id": "25378946961713345",
        "changes": [
          {
            "value": {
              "messaging_product": "whatsapp",
              "metadata": {
                "display_phone_number": "15551781135",
                "phone_number_id": "759976487210103"
              },
              "contacts": [
                {
                  "profile": {
                    "name": "Varun"
                  },
                  "wa_id": "919310227657"
                }
              ],
              "messages": [
                {
                  "from": "919310227657",
                  "id": "wamid.HBgMOTE5MzEwMjI3NjU3FQIAEhgWM0VCMDQ2Rjk1REMyRjM5RjM1NjAyOAA=",
                  "timestamp": "1761198116",
                  "text": {
                    "body": "sd"
                  },
                  "type": "text"
                }
              ]
            },
            "field": "messages"
          }
        ]
      }
    ]
  }
}
[INFO] 2025-10-23T05:41:57.872Z: ========================
[INFO] 2025-10-23T05:41:57.873Z: ✓ Valid WhatsApp message detected
{
  "from": "919310227657",
  "type": "text",
  "text": "sd"
}
[INFO] 2025-10-23T05:42:03.865Z: JazzAI WhatsApp Companion is listening on port 3000
[INFO] 2025-10-23T05:42:03.869Z: Memory service initialized successfully
[INFO] 2025-10-23T05:42:03.894Z: Scheduler initialized successfully
[INFO] 2025-10-23T05:42:03.894Z: Server startup complete. JazzAI is ready!
[INFO] 2025-10-23T05:42:09.079Z: POST /webhook
{
  "body": "(request body omitted)",
  "query": {},
  "headers": {
    "user-agent": "facebookexternalua",
    "content-type": "application/json"
  }
}
[INFO] 2025-10-23T05:42:09.083Z: === WEBHOOK RECEIVED ===
[INFO] 2025-10-23T05:42:09.084Z: Full webhook body:
{
  "body": {
    "object": "whatsapp_business_account",
    "entry": [
      {
        "id": "25378946961713345",
        "changes": [
          {
            "value": {
              "messaging_product": "whatsapp",
              "metadata": {
                "display_phone_number": "15551781135",
                "phone_number_id": "759976487210103"
              },
              "contacts": [
                {
                  "profile": {
                    "name": "Varun"
                  },
                  "wa_id": "919310227657"
                }
              ],
              "messages": [
                {
                  "from": "919310227657",
                  "id": "wamid.HBgMOTE5MzEwMjI3NjU3FQIAEhgWM0VCMENFNkIzNkIxMEMxNzYwOEM3RQA=",
                  "timestamp": "1761198128",
                  "text": {
                    "body": "sda"
                  },
                  "type": "text"
                }
              ]
            },
            "field": "messages"
          }
        ]
      }
    ]
  }
}
[INFO] 2025-10-23T05:42:09.084Z: ========================
[INFO] 2025-10-23T05:42:09.084Z: ✓ Valid WhatsApp message detected
{
  "from": "919310227657",
  "type": "text",
  "text": "sda"
}
[INFO] 2025-10-23T05:42:14.313Z: JazzAI WhatsApp Companion is listening on port 3000
[INFO] 2025-10-23T05:42:14.317Z: Memory service initialized successfully
[INFO] 2025-10-23T05:42:14.343Z: Scheduler initialized successfully
[INFO] 2025-10-23T05:42:14.344Z: Server startup complete. JazzAI is ready!
[INFO] 2025-10-23T05:44:14.617Z: JazzAI WhatsApp Companion is listening on port 3000
[INFO] 2025-10-23T05:44:14.639Z: Memory service initialized successfully
[INFO] 2025-10-23T05:44:14.667Z: Scheduler initialized successfully
[INFO] 2025-10-23T05:44:14.667Z: Server startup complete. JazzAI is ready!
[INFO] 2025-10-23T05:44:21.834Z: POST /webhook
{
  "body": "(request body omitted)",
  "query": {},
  "headers": {
    "user-agent": "facebookexternalua",
    "content-type": "application/json"
  }
}
[INFO] 2025-10-23T05:44:21.839Z: === WEBHOOK RECEIVED ===
[INFO] 2025-10-23T05:44:21.840Z: Full webhook body:
{
  "body": {
    "object": "whatsapp_business_account",
    "entry": [
      {
        "id": "25378946961713345",
        "changes": [
          {
            "value": {
              "messaging_product": "whatsapp",
              "metadata": {
                "display_phone_number": "15551781135",
                "phone_number_id": "759976487210103"
              },
              "contacts": [
                {
                  "profile": {
                    "name": "Varun"
                  },
                  "wa_id": "919310227657"
                }
              ],
              "messages": [
                {
                  "from": "919310227657",
                  "id": "wamid.HBgMOTE5MzEwMjI3NjU3FQIAEhgWM0VCMDE5RTg0MURGQjNGOTVEQzMyOQA=",
                  "timestamp": "1761198260",
                  "text": {
                    "body": "sdf"
                  },
                  "type": "text"
                }
              ]
            },
            "field": "messages"
          }
        ]
      }
    ]
  }
}
[INFO] 2025-10-23T05:44:21.841Z: ========================
[INFO] 2025-10-23T05:44:21.841Z: ✓ Valid WhatsApp message detected
{
  "from": "919310227657",
  "type": "text",
  "text": "sdf"
}
[INFO] 2025-10-23T05:44:26.420Z: JazzAI WhatsApp Companion is listening on port 3000
[INFO] 2025-10-23T05:44:26.424Z: Memory service initialized successfully
[INFO] 2025-10-23T05:44:26.452Z: Scheduler initialized successfully
[INFO] 2025-10-23T05:44:26.452Z: Server startup complete. JazzAI is ready!
[INFO] 2025-10-23T05:48:49.049Z: JazzAI WhatsApp Companion is listening on port 3000
[INFO] 2025-10-23T05:48:49.068Z: Memory service initialized successfully
[INFO] 2025-10-23T05:48:49.135Z: Scheduler initialized successfully
[INFO] 2025-10-23T05:48:49.143Z: Server startup complete. JazzAI is ready!
[INFO] 2025-10-23T05:48:50.999Z: JazzAI WhatsApp Companion is listening on port 3000
[INFO] 2025-10-23T05:48:51.008Z: Memory service initialized successfully
[INFO] 2025-10-23T05:48:51.051Z: Scheduler initialized successfully
[INFO] 2025-10-23T05:48:51.052Z: Server startup complete. JazzAI is ready!
[INFO] 2025-10-23T05:48:52.772Z: JazzAI WhatsApp Companion is listening on port 3000
[INFO] 2025-10-23T05:48:52.782Z: Memory service initialized successfully
[INFO] 2025-10-23T05:48:52.828Z: Scheduler initialized successfully
[INFO] 2025-10-23T05:48:52.833Z: Server startup complete. JazzAI is ready!
[INFO] 2025-10-23T05:49:40.165Z: JazzAI WhatsApp Companion is listening on port 3000
[INFO] 2025-10-23T05:49:40.170Z: Memory service initialized successfully
[INFO] 2025-10-23T05:49:40.197Z: Scheduler initialized successfully
[INFO] 2025-10-23T05:49:40.198Z: Server startup complete. JazzAI is ready!
[INFO] 2025-10-23T05:49:42.929Z: JazzAI WhatsApp Companion is listening on port 3000
[INFO] 2025-10-23T05:49:42.933Z: Memory service initialized successfully
[INFO] 2025-10-23T05:49:42.977Z: Scheduler initialized successfully
[INFO] 2025-10-23T05:49:42.978Z: Server startup complete. JazzAI is ready!
[INFO] 2025-10-23T05:49:51.154Z: POST /webhook
{
  "body": "(request body omitted)",
  "query": {},
  "headers": {
    "user-agent": "facebookexternalua",
    "content-type": "application/json"
  }
}
[INFO] 2025-10-23T05:49:51.161Z: === WEBHOOK RECEIVED ===
[INFO] 2025-10-23T05:49:51.161Z: Full webhook body:
{
  "body": {
    "object": "whatsapp_business_account",
    "entry": [
      {
        "id": "25378946961713345",
        "changes": [
          {
            "value": {
              "messaging_product": "whatsapp",
              "metadata": {
                "display_phone_number": "15551781135",
                "phone_number_id": "759976487210103"
              },
              "contacts": [
                {
                  "profile": {
                    "name": "Varun"
                  },
                  "wa_id": "919310227657"
                }
              ],
              "messages": [
                {
                  "from": "919310227657",
                  "id": "wamid.HBgMOTE5MzEwMjI3NjU3FQIAEhgWM0VCMDY4RDAxODJGRThDRjE4M0YxOAA=",
                  "timestamp": "1761198589",
                  "text": {
                    "body": "ans"
                  },
                  "type": "text"
                }
              ]
            },
            "field": "messages"
          }
        ]
      }
    ]
  }
}
[INFO] 2025-10-23T05:49:51.162Z: ========================
[INFO] 2025-10-23T05:49:51.162Z: ✓ Valid WhatsApp message detected
{
  "from": "919310227657",
  "type": "text",
  "text": "ans"
}
[INFO] 2025-10-23T05:49:52.292Z: JazzAI WhatsApp Companion is listening on port 3000
[INFO] 2025-10-23T05:49:52.297Z: Memory service initialized successfully
[INFO] 2025-10-23T05:49:52.343Z: Scheduler initialized successfully
[INFO] 2025-10-23T05:49:52.343Z: Server startup complete. JazzAI is ready!
[INFO] 2025-10-23T05:51:46.603Z: JazzAI WhatsApp Companion is listening on port 3000
[INFO] 2025-10-23T05:51:46.612Z: Memory service initialized successfully
[INFO] 2025-10-23T05:51:46.666Z: Scheduler initialized successfully
[INFO] 2025-10-23T05:51:46.666Z: Server startup complete. JazzAI is ready!
[INFO] 2025-10-23T05:53:12.449Z: JazzAI WhatsApp Companion is listening on port 3000
[INFO] 2025-10-23T05:53:12.455Z: Memory service initialized successfully
[INFO] 2025-10-23T05:53:12.495Z: Scheduler initialized successfully
[INFO] 2025-10-23T05:53:12.496Z: Server startup complete. JazzAI is ready!
[INFO] 2025-10-23T05:53:15.330Z: JazzAI WhatsApp Companion is listening on port 3000
[INFO] 2025-10-23T05:53:15.386Z: Scheduler initialized successfully
[INFO] 2025-10-23T05:53:15.339Z: Memory service initialized successfully
[INFO] 2025-10-23T05:53:15.386Z: Server startup complete. JazzAI is ready!
[INFO] 2025-10-23T05:53:17.760Z: JazzAI WhatsApp Companion is listening on port 3000
[INFO] 2025-10-23T05:53:17.767Z: Memory service initialized successfully
[INFO] 2025-10-23T05:53:17.806Z: Scheduler initialized successfully
[INFO] 2025-10-23T05:53:17.807Z: Server startup complete. JazzAI is ready!
[INFO] 2025-10-23T05:53:37.028Z: JazzAI WhatsApp Companion is listening on port 3000
[INFO] 2025-10-23T05:53:37.034Z: Memory service initialized successfully
[INFO] 2025-10-23T05:53:37.071Z: Scheduler initialized successfully
[INFO] 2025-10-23T05:53:37.071Z: Server startup complete. JazzAI is ready!
[INFO] 2025-10-23T05:53:44.092Z: JazzAI WhatsApp Companion is listening on port 3000
[INFO] 2025-10-23T05:53:44.097Z: Memory service initialized successfully
[INFO] 2025-10-23T05:53:44.125Z: Scheduler initialized successfully
[INFO] 2025-10-23T05:53:44.126Z: Server startup complete. JazzAI is ready!
[INFO] 2025-10-23T05:53:47.326Z: POST /webhook
{
  "body": "(request body omitted)",
  "query": {},
  "headers": {
    "user-agent": "facebookexternalua",
    "content-type": "application/json"
  }
}
[INFO] 2025-10-23T05:53:47.332Z: === WEBHOOK RECEIVED ===
[INFO] 2025-10-23T05:53:47.332Z: Full webhook body:
{
  "body": {
    "object": "whatsapp_business_account",
    "entry": [
      {
        "id": "25378946961713345",
        "changes": [
          {
            "value": {
              "messaging_product": "whatsapp",
              "metadata": {
                "display_phone_number": "15551781135",
                "phone_number_id": "759976487210103"
              },
              "contacts": [
                {
                  "profile": {
                    "name": "Varun"
                  },
                  "wa_id": "919310227657"
                }
              ],
              "messages": [
                {
                  "from": "919310227657",
                  "id": "wamid.HBgMOTE5MzEwMjI3NjU3FQIAEhgWM0VCMEFGQzEyNDMzNzJBODkyMDA4MAA=",
                  "timestamp": "1761198825",
                  "text": {
                    "body": "hey"
                  },
                  "type": "text"
                }
              ]
            },
            "field": "messages"
          }
        ]
      }
    ]
  }
}
[INFO] 2025-10-23T05:53:47.333Z: ========================
[INFO] 2025-10-23T05:53:47.333Z: ✓ Valid WhatsApp message detected
{
  "from": "919310227657",
  "type": "text",
  "text": "hey"
}
[INFO] 2025-10-23T05:53:49.665Z: JazzAI WhatsApp Companion is listening on port 3000
[INFO] 2025-10-23T05:53:49.669Z: Memory service initialized successfully
[INFO] 2025-10-23T05:53:49.703Z: Scheduler initialized successfully
[INFO] 2025-10-23T05:53:49.703Z: Server startup complete. JazzAI is ready!
[INFO] 2025-10-23T05:54:06.486Z: POST /webhook
{
  "body": "(request body omitted)",
  "query": {},
  "headers": {
    "user-agent": "facebookexternalua",
    "content-type": "application/json"
  }
}
[INFO] 2025-10-23T05:54:06.490Z: === WEBHOOK RECEIVED ===
[INFO] 2025-10-23T05:54:06.490Z: Full webhook body:
{
  "body": {
    "object": "whatsapp_business_account",
    "entry": [
      {
        "id": "25378946961713345",
        "changes": [
          {
            "value": {
              "messaging_product": "whatsapp",
              "metadata": {
                "display_phone_number": "15551781135",
                "phone_number_id": "759976487210103"
              },
              "contacts": [
                {
                  "profile": {
                    "name": "Varun"
                  },
                  "wa_id": "919310227657"
                }
              ],
              "messages": [
                {
                  "from": "919310227657",
                  "id": "wamid.HBgMOTE5MzEwMjI3NjU3FQIAEhgWM0VCMDk3N0REQ0MzOTY3QTQzQTgzRgA=",
                  "timestamp": "1761198844",
                  "text": {
                    "body": "sadf"
                  },
                  "type": "text"
                }
              ]
            },
            "field": "messages"
          }
        ]
      }
    ]
  }
}
[INFO] 2025-10-23T05:54:06.491Z: ========================
[INFO] 2025-10-23T05:54:06.491Z: ✓ Valid WhatsApp message detected
{
  "from": "919310227657",
  "type": "text",
  "text": "sadf"
}
[INFO] 2025-10-23T05:54:08.888Z: JazzAI WhatsApp Companion is listening on port 3000
[INFO] 2025-10-23T05:54:08.892Z: Memory service initialized successfully
[INFO] 2025-10-23T05:54:08.919Z: Scheduler initialized successfully
[INFO] 2025-10-23T05:54:08.919Z: Server startup complete. JazzAI is ready!
[INFO] 2025-10-23T05:54:58.517Z: POST /webhook
{
  "body": "(request body omitted)",
  "query": {},
  "headers": {
    "user-agent": "facebookexternalua",
    "content-type": "application/json"
  }
}
[INFO] 2025-10-23T05:54:58.523Z: === WEBHOOK RECEIVED ===
[INFO] 2025-10-23T05:54:58.523Z: Full webhook body:
{
  "body": {
    "object": "whatsapp_business_account",
    "entry": [
      {
        "id": "25378946961713345",
        "changes": [
          {
            "value": {
              "messaging_product": "whatsapp",
              "metadata": {
                "display_phone_number": "15551781135",
                "phone_number_id": "759976487210103"
              },
              "contacts": [
                {
                  "profile": {
                    "name": "Varun"
                  },
                  "wa_id": "919310227657"
                }
              ],
              "messages": [
                {
                  "from": "919310227657",
                  "id": "wamid.HBgMOTE5MzEwMjI3NjU3FQIAEhgWM0VCMDRGMjQ2M0JCOERCMkJGQjYzRQA=",
                  "timestamp": "1761198897",
                  "text": {
                    "body": "sdf"
                  },
                  "type": "text"
                }
              ]
            },
            "field": "messages"
          }
        ]
      }
    ]
  }
}
[INFO] 2025-10-23T05:54:58.524Z: ========================
[INFO] 2025-10-23T05:54:58.524Z: ✓ Valid WhatsApp message detected
{
  "from": "919310227657",
  "type": "text",
  "text": "sdf"
}
[INFO] 2025-10-23T05:55:01.789Z: JazzAI WhatsApp Companion is listening on port 3000
[INFO] 2025-10-23T05:55:01.797Z: Memory service initialized successfully
[INFO] 2025-10-23T05:55:01.835Z: Scheduler initialized successfully
[INFO] 2025-10-23T05:55:01.836Z: Server startup complete. JazzAI is ready!
[INFO] 2025-10-23T05:56:15.506Z: JazzAI WhatsApp Companion is listening on port 3000
[INFO] 2025-10-23T05:56:15.512Z: Memory service initialized successfully
[INFO] 2025-10-23T05:56:15.551Z: Scheduler initialized successfully
[INFO] 2025-10-23T05:56:15.552Z: Server startup complete. JazzAI is ready!
[INFO] 2025-10-23T05:56:39.427Z: JazzAI WhatsApp Companion is listening on port 3000
[INFO] 2025-10-23T05:56:39.431Z: Memory service initialized successfully
[INFO] 2025-10-23T05:56:39.473Z: Scheduler initialized successfully
[INFO] 2025-10-23T05:56:39.473Z: Server startup complete. JazzAI is ready!
[INFO] 2025-10-23T05:56:47.428Z: JazzAI WhatsApp Companion is listening on port 3000
[INFO] 2025-10-23T05:56:47.438Z: Memory service initialized successfully
[INFO] 2025-10-23T05:56:47.491Z: Scheduler initialized successfully
[INFO] 2025-10-23T05:56:47.499Z: Server startup complete. JazzAI is ready!
[INFO] 2025-10-23T05:57:04.794Z: JazzAI WhatsApp Companion is listening on port 3000
[INFO] 2025-10-23T05:57:04.798Z: Memory service initialized successfully
[INFO] 2025-10-23T05:57:04.824Z: Scheduler initialized successfully
[INFO] 2025-10-23T05:57:04.825Z: Server startup complete. JazzAI is ready!
[INFO] 2025-10-23T05:57:10.854Z: POST /webhook
{
  "body": "(request body omitted)",
  "query": {},
  "headers": {
    "user-agent": "facebookexternalua",
    "content-type": "application/json"
  }
}
[INFO] 2025-10-23T05:57:10.859Z: === WEBHOOK RECEIVED ===
[INFO] 2025-10-23T05:57:10.859Z: Full webhook body:
{
  "body": {
    "object": "whatsapp_business_account",
    "entry": [
      {
        "id": "25378946961713345",
        "changes": [
          {
            "value": {
              "messaging_product": "whatsapp",
              "metadata": {
                "display_phone_number": "15551781135",
                "phone_number_id": "759976487210103"
              },
              "contacts": [
                {
                  "profile": {
                    "name": "Varun"
                  },
                  "wa_id": "919310227657"
                }
              ],
              "messages": [
                {
                  "from": "919310227657",
                  "id": "wamid.HBgMOTE5MzEwMjI3NjU3FQIAEhgWM0VCMDBDM0Q3MUMzQTZGRUJBRDAzRQA=",
                  "timestamp": "1761199029",
                  "text": {
                    "body": "asdf"
                  },
                  "type": "text"
                }
              ]
            },
            "field": "messages"
          }
        ]
      }
    ]
  }
}
[INFO] 2025-10-23T05:57:10.860Z: ========================
[INFO] 2025-10-23T05:57:10.860Z: ✓ Valid WhatsApp message detected
{
  "from": "919310227657",
  "type": "text",
  "text": "asdf"
}
[INFO] 2025-10-23T05:58:04.560Z: JazzAI WhatsApp Companion is listening on port 3000
[INFO] 2025-10-23T05:58:04.572Z: Memory service initialized successfully
[INFO] 2025-10-23T05:58:04.631Z: Scheduler initialized successfully
[INFO] 2025-10-23T05:58:04.632Z: Server startup complete. JazzAI is ready!
[INFO] 2025-10-23T05:58:14.194Z: JazzAI WhatsApp Companion is listening on port 3000
[INFO] 2025-10-23T05:58:14.203Z: Memory service initialized successfully
[INFO] 2025-10-23T05:58:14.240Z: Scheduler initialized successfully
[INFO] 2025-10-23T05:58:14.240Z: Server startup complete. JazzAI is ready!
[INFO] 2025-10-23T05:58:59.844Z: JazzAI WhatsApp Companion is listening on port 3000
[INFO] 2025-10-23T05:58:59.849Z: Memory service initialized successfully
[INFO] 2025-10-23T05:58:59.885Z: Scheduler initialized successfully
[INFO] 2025-10-23T05:58:59.885Z: Server startup complete. JazzAI is ready!
[INFO] 2025-10-23T05:59:04.924Z: POST /webhook
{
  "body": "(request body omitted)",
  "query": {},
  "headers": {
    "user-agent": "facebookexternalua",
    "content-type": "application/json"
  }
}
[INFO] 2025-10-23T05:59:04.937Z: === WEBHOOK RECEIVED ===
[INFO] 2025-10-23T05:59:04.938Z: Full webhook body:
{
  "body": {
    "object": "whatsapp_business_account",
    "entry": [
      {
        "id": "25378946961713345",
        "changes": [
          {
            "value": {
              "messaging_product": "whatsapp",
              "metadata": {
                "display_phone_number": "15551781135",
                "phone_number_id": "759976487210103"
              },
              "contacts": [
                {
                  "profile": {
                    "name": "Varun"
                  },
                  "wa_id": "919310227657"
                }
              ],
              "messages": [
                {
                  "from": "919310227657",
                  "id": "wamid.HBgMOTE5MzEwMjI3NjU3FQIAEhgWM0VCMEUwRTgxRTI4RTE3NTI5MDdGMAA=",
                  "timestamp": "1761199143",
                  "text": {
                    "body": "da"
                  },
                  "type": "text"
                }
              ]
            },
            "field": "messages"
          }
        ]
      }
    ]
  }
}
[INFO] 2025-10-23T05:59:04.939Z: ========================
[INFO] 2025-10-23T05:59:04.939Z: ✓ Valid WhatsApp message detected
{
  "from": "919310227657",
  "type": "text",
  "text": "da"
}
[INFO] 2025-10-23T06:01:26.400Z: JazzAI WhatsApp Companion is listening on port 3000
[INFO] 2025-10-23T06:01:26.405Z: Memory service initialized successfully
[INFO] 2025-10-23T06:01:26.445Z: Scheduler initialized successfully
[INFO] 2025-10-23T06:01:26.445Z: Server startup complete. JazzAI is ready!
[INFO] 2025-10-23T06:01:31.553Z: POST /webhook
{
  "body": "(request body omitted)",
  "query": {},
  "headers": {
    "user-agent": "facebookexternalua",
    "content-type": "application/json"
  }
}
[INFO] 2025-10-23T06:01:31.561Z: === WEBHOOK RECEIVED ===
[INFO] 2025-10-23T06:01:31.562Z: Full webhook body:
{
  "body": {
    "object": "whatsapp_business_account",
    "entry": [
      {
        "id": "25378946961713345",
        "changes": [
          {
            "value": {
              "messaging_product": "whatsapp",
              "metadata": {
                "display_phone_number": "15551781135",
                "phone_number_id": "759976487210103"
              },
              "contacts": [
                {
                  "profile": {
                    "name": "Varun"
                  },
                  "wa_id": "919310227657"
                }
              ],
              "messages": [
                {
                  "from": "919310227657",
                  "id": "wamid.HBgMOTE5MzEwMjI3NjU3FQIAEhgWM0VCMENFOTIzMzkwNTI3MzdDRDI0RAA=",
                  "timestamp": "1761199289",
                  "text": {
                    "body": "sda"
                  },
                  "type": "text"
                }
              ]
            },
            "field": "messages"
          }
        ]
      }
    ]
  }
}
[INFO] 2025-10-23T06:01:31.563Z: ========================
[INFO] 2025-10-23T06:01:31.563Z: ✓ Valid WhatsApp message detected
{
  "from": "919310227657",
  "type": "text",
  "text": "sda"
}
[INFO] 2025-10-23T06:04:16.606Z: JazzAI WhatsApp Companion is listening on port 3000
[INFO] 2025-10-23T06:04:16.615Z: Memory service initialized successfully
[INFO] 2025-10-23T06:04:16.665Z: Scheduler initialized successfully
[INFO] 2025-10-23T06:04:16.666Z: Server startup complete. JazzAI is ready!
[INFO] 2025-10-23T06:07:33.419Z: JazzAI WhatsApp Companion is listening on port 3000
[INFO] 2025-10-23T06:07:33.423Z: Memory service initialized successfully
[INFO] 2025-10-23T06:07:33.448Z: Scheduler initialized successfully
[INFO] 2025-10-23T06:07:33.448Z: Server startup complete. JazzAI is ready!
[INFO] 2025-10-23T06:07:44.333Z: POST /webhook
{
  "body": "(request body omitted)",
  "query": {},
  "headers": {
    "user-agent": "facebookexternalua",
    "content-type": "application/json"
  }
}
[INFO] 2025-10-23T06:07:44.338Z: === WEBHOOK RECEIVED ===
[INFO] 2025-10-23T06:07:44.339Z: Full webhook body:
{
  "body": {
    "object": "whatsapp_business_account",
    "entry": [
      {
        "id": "25378946961713345",
        "changes": [
          {
            "value": {
              "messaging_product": "whatsapp",
              "metadata": {
                "display_phone_number": "15551781135",
                "phone_number_id": "759976487210103"
              },
              "contacts": [
                {
                  "profile": {
                    "name": "Varun"
                  },
                  "wa_id": "919310227657"
                }
              ],
              "messages": [
                {
                  "from": "919310227657",
                  "id": "wamid.HBgMOTE5MzEwMjI3NjU3FQIAEhgWM0VCMDg2RjhCRTA4RDQ3RDU4QkU4NAA=",
                  "timestamp": "1761199662",
                  "text": {
                    "body": "tes"
                  },
                  "type": "text"
                }
              ]
            },
            "field": "messages"
          }
        ]
      }
    ]
  }
}
[INFO] 2025-10-23T06:07:44.340Z: ========================
[INFO] 2025-10-23T06:07:44.340Z: ✓ Valid WhatsApp message detected
{
  "from": "919310227657",
  "type": "text",
  "text": "tes"
}
[INFO] 2025-10-23T06:07:53.447Z: POST /webhook
{
  "body": "(request body omitted)",
  "query": {},
  "headers": {
    "user-agent": "facebookexternalua",
    "content-type": "application/json"
  }
}
[INFO] 2025-10-23T06:07:53.450Z: === WEBHOOK RECEIVED ===
[INFO] 2025-10-23T06:07:53.451Z: Full webhook body:
{
  "body": {
    "object": "whatsapp_business_account",
    "entry": [
      {
        "id": "25378946961713345",
        "changes": [
          {
            "value": {
              "messaging_product": "whatsapp",
              "metadata": {
                "display_phone_number": "15551781135",
                "phone_number_id": "759976487210103"
              },
              "statuses": [
                {
                  "id": "wamid.HBgMOTE5MzEwMjI3NjU3FQIAERgSNkVEMEI3RTZBMjg4RTUxODFDAA==",
                  "status": "sent",
                  "timestamp": "1761199672",
                  "recipient_id": "919310227657",
                  "pricing": {
                    "billable": false,
                    "pricing_model": "PMP",
                    "category": "service",
                    "type": "free_customer_service"
                  }
                }
              ]
            },
            "field": "messages"
          }
        ]
      }
    ]
  }
}
[INFO] 2025-10-23T06:07:53.452Z: ========================
[INFO] 2025-10-23T06:07:53.452Z: ⚠️  Received webhook event but not a message
{
  "body": {
    "object": "whatsapp_business_account",
    "entry": [
      {
        "id": "25378946961713345",
        "changes": [
          {
            "value": {
              "messaging_product": "whatsapp",
              "metadata": {
                "display_phone_number": "15551781135",
                "phone_number_id": "759976487210103"
              },
              "statuses": [
                {
                  "id": "wamid.HBgMOTE5MzEwMjI3NjU3FQIAERgSNkVEMEI3RTZBMjg4RTUxODFDAA==",
                  "status": "sent",
                  "timestamp": "1761199672",
                  "recipient_id": "919310227657",
                  "pricing": {
                    "billable": false,
                    "pricing_model": "PMP",
                    "category": "service",
                    "type": "free_customer_service"
                  }
                }
              ]
            },
            "field": "messages"
          }
        ]
      }
    ]
  }
}
[INFO] 2025-10-23T06:07:53.549Z: POST /webhook
{
  "body": "(request body omitted)",
  "query": {},
  "headers": {
    "user-agent": "facebookexternalua",
    "content-type": "application/json"
  }
}
[INFO] 2025-10-23T06:07:53.552Z: === WEBHOOK RECEIVED ===
[INFO] 2025-10-23T06:07:53.553Z: Full webhook body:
{
  "body": {
    "object": "whatsapp_business_account",
    "entry": [
      {
        "id": "25378946961713345",
        "changes": [
          {
            "value": {
              "messaging_product": "whatsapp",
              "metadata": {
                "display_phone_number": "15551781135",
                "phone_number_id": "759976487210103"
              },
              "statuses": [
                {
                  "id": "wamid.HBgMOTE5MzEwMjI3NjU3FQIAERgSNkVEMEI3RTZBMjg4RTUxODFDAA==",
                  "status": "delivered",
                  "timestamp": "1761199672",
                  "recipient_id": "919310227657",
                  "pricing": {
                    "billable": false,
                    "pricing_model": "PMP",
                    "category": "service",
                    "type": "free_customer_service"
                  }
                }
              ]
            },
            "field": "messages"
          }
        ]
      }
    ]
  }
}
[INFO] 2025-10-23T06:07:53.554Z: ========================
[INFO] 2025-10-23T06:07:53.554Z: ⚠️  Received webhook event but not a message
{
  "body": {
    "object": "whatsapp_business_account",
    "entry": [
      {
        "id": "25378946961713345",
        "changes": [
          {
            "value": {
              "messaging_product": "whatsapp",
              "metadata": {
                "display_phone_number": "15551781135",
                "phone_number_id": "759976487210103"
              },
              "statuses": [
                {
                  "id": "wamid.HBgMOTE5MzEwMjI3NjU3FQIAERgSNkVEMEI3RTZBMjg4RTUxODFDAA==",
                  "status": "delivered",
                  "timestamp": "1761199672",
                  "recipient_id": "919310227657",
                  "pricing": {
                    "billable": false,
                    "pricing_model": "PMP",
                    "category": "service",
                    "type": "free_customer_service"
                  }
                }
              ]
            },
            "field": "messages"
          }
        ]
      }
    ]
  }
}
[INFO] 2025-10-23T06:07:54.261Z: POST /webhook
{
  "body": "(request body omitted)",
  "query": {},
  "headers": {
    "user-agent": "facebookexternalua",
    "content-type": "application/json"
  }
}
[INFO] 2025-10-23T06:07:54.265Z: === WEBHOOK RECEIVED ===
[INFO] 2025-10-23T06:07:54.265Z: Full webhook body:
{
  "body": {
    "object": "whatsapp_business_account",
    "entry": [
      {
        "id": "25378946961713345",
        "changes": [
          {
            "value": {
              "messaging_product": "whatsapp",
              "metadata": {
                "display_phone_number": "15551781135",
                "phone_number_id": "759976487210103"
              },
              "statuses": [
                {
                  "id": "wamid.HBgMOTE5MzEwMjI3NjU3FQIAERgSNkVEMEI3RTZBMjg4RTUxODFDAA==",
                  "status": "delivered",
                  "timestamp": "1761199672",
                  "recipient_id": "919310227657",
                  "pricing": {
                    "billable": false,
                    "pricing_model": "PMP",
                    "category": "service",
                    "type": "free_customer_service"
                  }
                }
              ]
            },
            "field": "messages"
          }
        ]
      }
    ]
  }
}
[INFO] 2025-10-23T06:07:54.266Z: ========================
[INFO] 2025-10-23T06:07:54.266Z: ⚠️  Received webhook event but not a message
{
  "body": {
    "object": "whatsapp_business_account",
    "entry": [
      {
        "id": "25378946961713345",
        "changes": [
          {
            "value": {
              "messaging_product": "whatsapp",
              "metadata": {
                "display_phone_number": "15551781135",
                "phone_number_id": "759976487210103"
              },
              "statuses": [
                {
                  "id": "wamid.HBgMOTE5MzEwMjI3NjU3FQIAERgSNkVEMEI3RTZBMjg4RTUxODFDAA==",
                  "status": "delivered",
                  "timestamp": "1761199672",
                  "recipient_id": "919310227657",
                  "pricing": {
                    "billable": false,
                    "pricing_model": "PMP",
                    "category": "service",
                    "type": "free_customer_service"
                  }
                }
              ]
            },
            "field": "messages"
          }
        ]
      }
    ]
  }
}
[INFO] 2025-10-23T06:07:56.825Z: POST /webhook
{
  "body": "(request body omitted)",
  "query": {},
  "headers": {
    "user-agent": "facebookexternalua",
    "content-type": "application/json"
  }
}
[INFO] 2025-10-23T06:07:56.828Z: === WEBHOOK RECEIVED ===
[INFO] 2025-10-23T06:07:56.828Z: Full webhook body:
{
  "body": {
    "object": "whatsapp_business_account",
    "entry": [
      {
        "id": "25378946961713345",
        "changes": [
          {
            "value": {
              "messaging_product": "whatsapp",
              "metadata": {
                "display_phone_number": "15551781135",
                "phone_number_id": "759976487210103"
              },
              "statuses": [
                {
                  "id": "wamid.HBgMOTE5MzEwMjI3NjU3FQIAERgSNkVEMEI3RTZBMjg4RTUxODFDAA==",
                  "status": "read",
                  "timestamp": "1761199676",
                  "recipient_id": "919310227657",
                  "pricing": {
                    "billable": false,
                    "pricing_model": "PMP",
                    "category": "service",
                    "type": "free_customer_service"
                  }
                }
              ]
            },
            "field": "messages"
          }
        ]
      }
    ]
  }
}
[INFO] 2025-10-23T06:07:56.829Z: ========================
[INFO] 2025-10-23T06:07:56.830Z: ⚠️  Received webhook event but not a message
{
  "body": {
    "object": "whatsapp_business_account",
    "entry": [
      {
        "id": "25378946961713345",
        "changes": [
          {
            "value": {
              "messaging_product": "whatsapp",
              "metadata": {
                "display_phone_number": "15551781135",
                "phone_number_id": "759976487210103"
              },
              "statuses": [
                {
                  "id": "wamid.HBgMOTE5MzEwMjI3NjU3FQIAERgSNkVEMEI3RTZBMjg4RTUxODFDAA==",
                  "status": "read",
                  "timestamp": "1761199676",
                  "recipient_id": "919310227657",
                  "pricing": {
                    "billable": false,
                    "pricing_model": "PMP",
                    "category": "service",
                    "type": "free_customer_service"
                  }
                }
              ]
            },
            "field": "messages"
          }
        ]
      }
    ]
  }
}
